
ROM used: 2592 (8%)
          2592 (8%) including unused fragments

          6 Average locations per line
          45 Average locations per statement

RAM used: 16 (1%) at main() level
          38 (2%) worst case

Stack used: 5 worst case (out of 31 total available)

Lines Stmts  %   Files
----- ----- ---  -----
   36    12  21  sensor corrente.c
  354     0   0  ..\..\..\..\Program Files (x86)\PICC\devices\18f452.h
   80    45  79  ..\..\..\..\Program Files (x86)\PICC\drivers\lcd_4bii.c
----- -----
  470    57 Total

Page ROM  %  RAM   Vol Diff  Functions:
---- --- --- ---   --- ----  ----------
0     40   1   1             @delay_ms1
0     58   1   1   260  1.9  lcd_cmd
0     60   1   3   199  2.7  lcd_envia_byte
0     34   1   3   173  5.0  lcd_pos_xy
0     72   1   1   290  4.1  lcd
0    104   2   1   488  3.8  lcd_init
0    340   7  12   382  4.2  MAIN
0     56   1   2             @ITOF
0    620  12  16             @ADDFF
0    242   5  11             @MULFF
0    348   7  14             @DIVFF
0     16   0   0             @const92
0     30   1   3             @PSTRINGCN_73
0     64   1   5             @FTOSD
0    122   2  13             @DIV3232
0    382   7  13             @PRINTF_L32D_73FPFPF

Program metrics:
    Functions               6
    Statements              57
    Comments                87
    Volume (V)              2682
    Difficilty (D)          20.4
    Effort to implement (E) 54839
    Time to implement (T)   51 minutes
    Est Delivered Bugs (B)  0
    Cyclomatic Complexity   7
    Maintainability (MI)    84

 Segment     Used  Free
-----------  ----  ----
00000-00002     4  0  
00004-07FFE  2588  30176  



